PLINK v1.90b6.26 64-bit (2 Apr 2022)
Options in effect:
  --bfile plink_outputs/filtered
  --keep individuals/temp_files/NA20521.txt
  --out individuals/NA20521/NA20521
  --recode 23

Hostname: igor2-Nitro-AN515-52
Working directory: /media/igor2/Seagate Expansion Drive/1000_GENOMES/to_compress
Start time: Wed Jul 13 21:07:45 2022

Random number seed: 1657757265
15843 MB RAM detected; reserving 7921 MB for main workspace.
124092 variants loaded from .bim file.
107 people (0 males, 0 females, 107 ambiguous) loaded from .fam.
Ambiguous sex IDs written to individuals/NA20521/NA20521.nosex .
--keep: 1 person remaining.
Using 1 thread (no multithreaded calculations invoked).
Before main variant filters, 1 founder and 0 nonfounders present.
Calculating allele frequencies... done.
Total genotyping rate in remaining samples is exactly 1.
124092 variants and 1 person pass filters and QC.
Note: No phenotypes present.
--recode 23 to individuals/NA20521/NA20521.txt ... done.

End time: Wed Jul 13 21:07:45 2022
